2019-11-01 11:04:50.332 [restartedMain] INFO  c.e.WebsocketExampleApplication - Starting WebsocketExampleApplication on DESKTOP-PFK81CQ with PID 76016 (D:\git_repository\toyproject\websocket_example\bin\main started by carrey in D:\git_repository\toyproject\websocket_example)
2019-11-01 11:04:50.350 [restartedMain] INFO  c.e.WebsocketExampleApplication - No active profile set, falling back to default profiles: default
2019-11-01 11:04:50.439 [restartedMain] INFO  o.s.b.d.e.DevToolsPropertyDefaultsPostProcessor - Devtools property defaults active! Set 'spring.devtools.add-properties' to 'false' to disable
2019-11-01 11:04:50.439 [restartedMain] INFO  o.s.b.d.e.DevToolsPropertyDefaultsPostProcessor - For additional web related logging consider setting the 'logging.level.web' property to 'DEBUG'
2019-11-01 11:04:52.009 [restartedMain] INFO  o.s.b.w.e.tomcat.TomcatWebServer - Tomcat initialized with port(s): 8080 (http)
2019-11-01 11:04:52.019 [restartedMain] INFO  o.a.coyote.http11.Http11NioProtocol - Initializing ProtocolHandler ["http-nio-8080"]
2019-11-01 11:04:52.021 [restartedMain] INFO  o.a.catalina.core.StandardService - Starting service [Tomcat]
2019-11-01 11:04:52.021 [restartedMain] INFO  o.a.catalina.core.StandardEngine - Starting Servlet engine: [Apache Tomcat/9.0.27]
2019-11-01 11:04:52.145 [restartedMain] INFO  o.a.c.c.C.[Tomcat].[localhost].[/] - Initializing Spring embedded WebApplicationContext
2019-11-01 11:04:52.146 [restartedMain] INFO  o.s.web.context.ContextLoader - Root WebApplicationContext: initialization completed in 1706 ms
2019-11-01 11:04:52.282 [restartedMain] INFO  o.s.s.c.ThreadPoolTaskExecutor - Initializing ExecutorService 'clientInboundChannelExecutor'
2019-11-01 11:04:52.286 [restartedMain] INFO  o.s.s.c.ThreadPoolTaskExecutor - Initializing ExecutorService 'clientOutboundChannelExecutor'
2019-11-01 11:04:52.305 [restartedMain] INFO  o.s.s.c.ThreadPoolTaskScheduler - Initializing ExecutorService 'messageBrokerTaskScheduler'
2019-11-01 11:04:52.339 [restartedMain] INFO  o.s.s.c.ThreadPoolTaskExecutor - Initializing ExecutorService 'brokerChannelExecutor'
2019-11-01 11:04:52.913 [restartedMain] INFO  o.s.b.a.w.s.WelcomePageHandlerMapping - Adding welcome page: class path resource [static/index.html]
2019-11-01 11:04:53.390 [restartedMain] INFO  o.s.b.d.a.OptionalLiveReloadServer - LiveReload server is running on port 35729
2019-11-01 11:04:53.407 [restartedMain] INFO  o.s.m.s.b.SimpleBrokerMessageHandler - Starting...
2019-11-01 11:04:53.408 [restartedMain] INFO  o.s.m.s.b.SimpleBrokerMessageHandler - BrokerAvailabilityEvent[available=true, SimpleBrokerMessageHandler [DefaultSubscriptionRegistry[cache[0 destination(s)], registry[0 sessions]]]]
2019-11-01 11:04:53.409 [restartedMain] INFO  o.s.m.s.b.SimpleBrokerMessageHandler - Started.
2019-11-01 11:04:53.416 [restartedMain] INFO  o.a.coyote.http11.Http11NioProtocol - Starting ProtocolHandler ["http-nio-8080"]
2019-11-01 11:04:53.473 [restartedMain] INFO  o.s.b.w.e.tomcat.TomcatWebServer - Tomcat started on port(s): 8080 (http) with context path ''
2019-11-01 11:04:53.478 [restartedMain] INFO  c.e.WebsocketExampleApplication - Started WebsocketExampleApplication in 3.807 seconds (JVM running for 5.853)
2019-11-01 11:05:04.862 [http-nio-8080-exec-1] INFO  o.a.c.c.C.[Tomcat].[localhost].[/] - Initializing Spring DispatcherServlet 'dispatcherServlet'
2019-11-01 11:05:04.862 [http-nio-8080-exec-1] INFO  o.s.web.servlet.DispatcherServlet - Initializing Servlet 'dispatcherServlet'
2019-11-01 11:05:04.868 [http-nio-8080-exec-1] INFO  o.s.web.servlet.DispatcherServlet - Completed initialization in 6 ms
2019-11-01 11:05:04.910 [http-nio-8080-exec-1] ERROR o.a.c.c.C.[.[.[.[dispatcherServlet] - Servlet.service() for servlet [dispatcherServlet] in context with path [] threw exception [Request processing failed; nested exception is java.lang.NullPointerException] with root cause
java.lang.NullPointerException: null
	at com.example.GreetingController.push(GreetingController.java:40)
	at sun.reflect.NativeMethodAccessorImpl.invoke0(Native Method)
	at sun.reflect.NativeMethodAccessorImpl.invoke(NativeMethodAccessorImpl.java:62)
	at sun.reflect.DelegatingMethodAccessorImpl.invoke(DelegatingMethodAccessorImpl.java:43)
	at java.lang.reflect.Method.invoke(Method.java:498)
	at org.springframework.web.method.support.InvocableHandlerMethod.doInvoke(InvocableHandlerMethod.java:190)
	at org.springframework.web.method.support.InvocableHandlerMethod.invokeForRequest(InvocableHandlerMethod.java:138)
	at org.springframework.web.servlet.mvc.method.annotation.ServletInvocableHandlerMethod.invokeAndHandle(ServletInvocableHandlerMethod.java:106)
	at org.springframework.web.servlet.mvc.method.annotation.RequestMappingHandlerAdapter.invokeHandlerMethod(RequestMappingHandlerAdapter.java:888)
	at org.springframework.web.servlet.mvc.method.annotation.RequestMappingHandlerAdapter.handleInternal(RequestMappingHandlerAdapter.java:793)
	at org.springframework.web.servlet.mvc.method.AbstractHandlerMethodAdapter.handle(AbstractHandlerMethodAdapter.java:87)
	at org.springframework.web.servlet.DispatcherServlet.doDispatch(DispatcherServlet.java:1040)
	at org.springframework.web.servlet.DispatcherServlet.doService(DispatcherServlet.java:943)
	at org.springframework.web.servlet.FrameworkServlet.processRequest(FrameworkServlet.java:1006)
	at org.springframework.web.servlet.FrameworkServlet.doGet(FrameworkServlet.java:898)
	at javax.servlet.http.HttpServlet.service(HttpServlet.java:634)
	at org.springframework.web.servlet.FrameworkServlet.service(FrameworkServlet.java:883)
	at javax.servlet.http.HttpServlet.service(HttpServlet.java:741)
	at org.apache.catalina.core.ApplicationFilterChain.internalDoFilter(ApplicationFilterChain.java:231)
	at org.apache.catalina.core.ApplicationFilterChain.doFilter(ApplicationFilterChain.java:166)
	at org.apache.tomcat.websocket.server.WsFilter.doFilter(WsFilter.java:53)
	at org.apache.catalina.core.ApplicationFilterChain.internalDoFilter(ApplicationFilterChain.java:193)
	at org.apache.catalina.core.ApplicationFilterChain.doFilter(ApplicationFilterChain.java:166)
	at org.springframework.web.filter.RequestContextFilter.doFilterInternal(RequestContextFilter.java:100)
	at org.springframework.web.filter.OncePerRequestFilter.doFilter(OncePerRequestFilter.java:119)
	at org.apache.catalina.core.ApplicationFilterChain.internalDoFilter(ApplicationFilterChain.java:193)
	at org.apache.catalina.core.ApplicationFilterChain.doFilter(ApplicationFilterChain.java:166)
	at org.springframework.web.filter.FormContentFilter.doFilterInternal(FormContentFilter.java:93)
	at org.springframework.web.filter.OncePerRequestFilter.doFilter(OncePerRequestFilter.java:119)
	at org.apache.catalina.core.ApplicationFilterChain.internalDoFilter(ApplicationFilterChain.java:193)
	at org.apache.catalina.core.ApplicationFilterChain.doFilter(ApplicationFilterChain.java:166)
	at org.springframework.web.filter.CharacterEncodingFilter.doFilterInternal(CharacterEncodingFilter.java:201)
	at org.springframework.web.filter.OncePerRequestFilter.doFilter(OncePerRequestFilter.java:119)
	at org.apache.catalina.core.ApplicationFilterChain.internalDoFilter(ApplicationFilterChain.java:193)
	at org.apache.catalina.core.ApplicationFilterChain.doFilter(ApplicationFilterChain.java:166)
	at org.apache.catalina.core.StandardWrapperValve.invoke(StandardWrapperValve.java:202)
	at org.apache.catalina.core.StandardContextValve.invoke(StandardContextValve.java:96)
	at org.apache.catalina.authenticator.AuthenticatorBase.invoke(AuthenticatorBase.java:526)
	at org.apache.catalina.core.StandardHostValve.invoke(StandardHostValve.java:139)
	at org.apache.catalina.valves.ErrorReportValve.invoke(ErrorReportValve.java:92)
	at org.apache.catalina.core.StandardEngineValve.invoke(StandardEngineValve.java:74)
	at org.apache.catalina.connector.CoyoteAdapter.service(CoyoteAdapter.java:343)
	at org.apache.coyote.http11.Http11Processor.service(Http11Processor.java:408)
	at org.apache.coyote.AbstractProcessorLight.process(AbstractProcessorLight.java:66)
	at org.apache.coyote.AbstractProtocol$ConnectionHandler.process(AbstractProtocol.java:861)
	at org.apache.tomcat.util.net.NioEndpoint$SocketProcessor.doRun(NioEndpoint.java:1579)
	at org.apache.tomcat.util.net.SocketProcessorBase.run(SocketProcessorBase.java:49)
	at java.util.concurrent.ThreadPoolExecutor.runWorker(ThreadPoolExecutor.java:1149)
	at java.util.concurrent.ThreadPoolExecutor$Worker.run(ThreadPoolExecutor.java:624)
	at org.apache.tomcat.util.threads.TaskThread$WrappingRunnable.run(TaskThread.java:61)
	at java.lang.Thread.run(Thread.java:748)
2019-11-01 11:05:52.336 [MessageBroker-1] INFO  o.s.w.s.c.WebSocketMessageBrokerStats - WebSocketSession[0 current WS(0)-HttpStream(0)-HttpPoll(0), 0 total, 0 closed abnormally (0 connect failure, 0 send limit, 0 transport error)], stompSubProtocol[processed CONNECT(0)-CONNECTED(0)-DISCONNECT(0)], stompBrokerRelay[null], inboundChannel[pool size = 0, active threads = 0, queued tasks = 0, completed tasks = 0], outboundChannel[pool size = 0, active threads = 0, queued tasks = 0, completed tasks = 0], sockJsScheduler[pool size = 1, active threads = 1, queued tasks = 0, completed tasks = 0]
2019-11-01 11:34:28.013 [Thread-8] INFO  o.s.m.s.b.SimpleBrokerMessageHandler - Stopping...
2019-11-01 11:34:28.013 [Thread-8] INFO  o.s.m.s.b.SimpleBrokerMessageHandler - BrokerAvailabilityEvent[available=false, SimpleBrokerMessageHandler [DefaultSubscriptionRegistry[cache[0 destination(s)], registry[0 sessions]]]]
2019-11-01 11:34:28.014 [Thread-8] INFO  o.s.m.s.b.SimpleBrokerMessageHandler - Stopped.
2019-11-01 11:34:28.016 [Thread-8] INFO  o.s.s.c.ThreadPoolTaskExecutor - Shutting down ExecutorService 'brokerChannelExecutor'
2019-11-01 11:34:28.016 [Thread-8] INFO  o.s.s.c.ThreadPoolTaskScheduler - Shutting down ExecutorService 'messageBrokerTaskScheduler'
2019-11-01 11:34:28.017 [Thread-8] INFO  o.s.s.c.ThreadPoolTaskExecutor - Shutting down ExecutorService 'clientOutboundChannelExecutor'
2019-11-01 11:34:28.018 [Thread-8] INFO  o.s.s.c.ThreadPoolTaskExecutor - Shutting down ExecutorService 'clientInboundChannelExecutor'
2019-11-01 11:34:28.953 [restartedMain] INFO  c.e.WebsocketExampleApplication - Starting WebsocketExampleApplication on DESKTOP-PFK81CQ with PID 76016 (D:\git_repository\toyproject\websocket_example\bin\main started by carrey in D:\git_repository\toyproject\websocket_example)
2019-11-01 11:34:28.954 [restartedMain] INFO  c.e.WebsocketExampleApplication - No active profile set, falling back to default profiles: default
2019-11-01 11:34:29.193 [restartedMain] WARN  o.a.tomcat.util.modeler.Registry - The MBean registry cannot be disabled because it has already been initialised
2019-11-01 11:34:29.258 [restartedMain] INFO  o.s.b.w.e.tomcat.TomcatWebServer - Tomcat initialized with port(s): 8080 (https)
2019-11-01 11:34:29.260 [restartedMain] INFO  o.a.coyote.http11.Http11NioProtocol - Initializing ProtocolHandler ["https-jsse-nio-8080"]
2019-11-01 11:34:29.261 [restartedMain] INFO  o.a.catalina.core.StandardService - Starting service [Tomcat]
2019-11-01 11:34:29.262 [restartedMain] INFO  o.a.catalina.core.StandardEngine - Starting Servlet engine: [Apache Tomcat/9.0.27]
2019-11-01 11:34:29.289 [restartedMain] INFO  o.a.c.c.C.[Tomcat].[localhost].[/] - Initializing Spring embedded WebApplicationContext
2019-11-01 11:34:29.289 [restartedMain] INFO  o.s.web.context.ContextLoader - Root WebApplicationContext: initialization completed in 331 ms
2019-11-01 11:34:29.328 [restartedMain] INFO  o.s.s.c.ThreadPoolTaskExecutor - Initializing ExecutorService 'clientInboundChannelExecutor'
2019-11-01 11:34:29.330 [restartedMain] INFO  o.s.s.c.ThreadPoolTaskExecutor - Initializing ExecutorService 'clientOutboundChannelExecutor'
2019-11-01 11:34:29.334 [restartedMain] INFO  o.s.s.c.ThreadPoolTaskScheduler - Initializing ExecutorService 'messageBrokerTaskScheduler'
2019-11-01 11:34:29.340 [restartedMain] INFO  o.s.s.c.ThreadPoolTaskExecutor - Initializing ExecutorService 'brokerChannelExecutor'
2019-11-01 11:34:29.405 [restartedMain] INFO  o.s.b.a.w.s.WelcomePageHandlerMapping - Adding welcome page: class path resource [static/index.html]
2019-11-01 11:34:29.695 [restartedMain] INFO  o.s.b.d.a.OptionalLiveReloadServer - LiveReload server is running on port 35729
2019-11-01 11:34:29.704 [restartedMain] INFO  o.s.m.s.b.SimpleBrokerMessageHandler - Starting...
2019-11-01 11:34:29.704 [restartedMain] INFO  o.s.m.s.b.SimpleBrokerMessageHandler - BrokerAvailabilityEvent[available=true, SimpleBrokerMessageHandler [DefaultSubscriptionRegistry[cache[0 destination(s)], registry[0 sessions]]]]
2019-11-01 11:34:29.704 [restartedMain] INFO  o.s.m.s.b.SimpleBrokerMessageHandler - Started.
2019-11-01 11:34:29.707 [restartedMain] INFO  o.a.coyote.http11.Http11NioProtocol - Starting ProtocolHandler ["https-jsse-nio-8080"]
2019-11-01 11:34:30.396 [restartedMain] INFO  o.s.b.w.e.tomcat.TomcatWebServer - Tomcat started on port(s): 8080 (https) with context path ''
2019-11-01 11:34:30.396 [restartedMain] INFO  c.e.WebsocketExampleApplication - Started WebsocketExampleApplication in 1.496 seconds (JVM running for 1782.772)
2019-11-01 11:34:30.398 [restartedMain] INFO  o.s.b.d.a.ConditionEvaluationDeltaLoggingListener - Condition evaluation unchanged
2019-11-01 11:35:28.285 [Thread-11] INFO  o.s.m.s.b.SimpleBrokerMessageHandler - Stopping...
2019-11-01 11:35:28.286 [Thread-11] INFO  o.s.m.s.b.SimpleBrokerMessageHandler - BrokerAvailabilityEvent[available=false, SimpleBrokerMessageHandler [DefaultSubscriptionRegistry[cache[0 destination(s)], registry[0 sessions]]]]
2019-11-01 11:35:28.286 [Thread-11] INFO  o.s.m.s.b.SimpleBrokerMessageHandler - Stopped.
2019-11-01 11:35:28.287 [Thread-11] INFO  o.s.s.c.ThreadPoolTaskExecutor - Shutting down ExecutorService 'brokerChannelExecutor'
2019-11-01 11:35:28.288 [Thread-11] INFO  o.s.s.c.ThreadPoolTaskScheduler - Shutting down ExecutorService 'messageBrokerTaskScheduler'
2019-11-01 11:35:28.288 [Thread-11] INFO  o.s.s.c.ThreadPoolTaskExecutor - Shutting down ExecutorService 'clientOutboundChannelExecutor'
2019-11-01 11:35:28.289 [Thread-11] INFO  o.s.s.c.ThreadPoolTaskExecutor - Shutting down ExecutorService 'clientInboundChannelExecutor'
2019-11-01 11:35:29.142 [restartedMain] INFO  c.e.WebsocketExampleApplication - Starting WebsocketExampleApplication on DESKTOP-PFK81CQ with PID 76016 (D:\git_repository\toyproject\websocket_example\bin\main started by carrey in D:\git_repository\toyproject\websocket_example)
2019-11-01 11:35:29.142 [restartedMain] INFO  c.e.WebsocketExampleApplication - No active profile set, falling back to default profiles: default
2019-11-01 11:35:29.334 [restartedMain] WARN  o.a.tomcat.util.modeler.Registry - The MBean registry cannot be disabled because it has already been initialised
2019-11-01 11:35:29.386 [restartedMain] INFO  o.s.b.w.e.tomcat.TomcatWebServer - Tomcat initialized with port(s): 443 (https)
2019-11-01 11:35:29.387 [restartedMain] INFO  o.a.coyote.http11.Http11NioProtocol - Initializing ProtocolHandler ["https-jsse-nio-443"]
2019-11-01 11:35:29.388 [restartedMain] INFO  o.a.catalina.core.StandardService - Starting service [Tomcat]
2019-11-01 11:35:29.388 [restartedMain] INFO  o.a.catalina.core.StandardEngine - Starting Servlet engine: [Apache Tomcat/9.0.27]
2019-11-01 11:35:29.410 [restartedMain] INFO  o.a.c.c.C.[Tomcat].[localhost].[/] - Initializing Spring embedded WebApplicationContext
2019-11-01 11:35:29.410 [restartedMain] INFO  o.s.web.context.ContextLoader - Root WebApplicationContext: initialization completed in 265 ms
2019-11-01 11:35:29.432 [restartedMain] INFO  o.s.s.c.ThreadPoolTaskExecutor - Initializing ExecutorService 'clientInboundChannelExecutor'
2019-11-01 11:35:29.433 [restartedMain] INFO  o.s.s.c.ThreadPoolTaskExecutor - Initializing ExecutorService 'clientOutboundChannelExecutor'
2019-11-01 11:35:29.436 [restartedMain] INFO  o.s.s.c.ThreadPoolTaskScheduler - Initializing ExecutorService 'messageBrokerTaskScheduler'
2019-11-01 11:35:29.441 [restartedMain] INFO  o.s.s.c.ThreadPoolTaskExecutor - Initializing ExecutorService 'brokerChannelExecutor'
2019-11-01 11:35:29.482 [restartedMain] INFO  o.s.b.a.w.s.WelcomePageHandlerMapping - Adding welcome page: class path resource [static/index.html]
2019-11-01 11:35:29.727 [restartedMain] INFO  o.s.b.d.a.OptionalLiveReloadServer - LiveReload server is running on port 35729
2019-11-01 11:35:29.737 [restartedMain] INFO  o.s.m.s.b.SimpleBrokerMessageHandler - Starting...
2019-11-01 11:35:29.737 [restartedMain] INFO  o.s.m.s.b.SimpleBrokerMessageHandler - BrokerAvailabilityEvent[available=true, SimpleBrokerMessageHandler [DefaultSubscriptionRegistry[cache[0 destination(s)], registry[0 sessions]]]]
2019-11-01 11:35:29.737 [restartedMain] INFO  o.s.m.s.b.SimpleBrokerMessageHandler - Started.
2019-11-01 11:35:29.740 [restartedMain] INFO  o.a.coyote.http11.Http11NioProtocol - Starting ProtocolHandler ["https-jsse-nio-443"]
2019-11-01 11:35:30.121 [restartedMain] INFO  o.s.b.w.e.tomcat.TomcatWebServer - Tomcat started on port(s): 443 (https) with context path ''
2019-11-01 11:35:30.122 [restartedMain] INFO  c.e.WebsocketExampleApplication - Started WebsocketExampleApplication in 1.019 seconds (JVM running for 1842.496)
2019-11-01 11:35:30.123 [restartedMain] INFO  o.s.b.d.a.ConditionEvaluationDeltaLoggingListener - Condition evaluation unchanged
2019-11-01 11:35:33.142 [Thread-16] INFO  o.s.m.s.b.SimpleBrokerMessageHandler - Stopping...
2019-11-01 11:35:33.143 [Thread-16] INFO  o.s.m.s.b.SimpleBrokerMessageHandler - BrokerAvailabilityEvent[available=false, SimpleBrokerMessageHandler [DefaultSubscriptionRegistry[cache[0 destination(s)], registry[0 sessions]]]]
2019-11-01 11:35:33.143 [Thread-16] INFO  o.s.m.s.b.SimpleBrokerMessageHandler - Stopped.
2019-11-01 11:35:33.144 [Thread-16] INFO  o.s.s.c.ThreadPoolTaskExecutor - Shutting down ExecutorService 'brokerChannelExecutor'
2019-11-01 11:35:33.144 [Thread-16] INFO  o.s.s.c.ThreadPoolTaskScheduler - Shutting down ExecutorService 'messageBrokerTaskScheduler'
2019-11-01 11:35:33.144 [Thread-16] INFO  o.s.s.c.ThreadPoolTaskExecutor - Shutting down ExecutorService 'clientOutboundChannelExecutor'
2019-11-01 11:35:33.145 [Thread-16] INFO  o.s.s.c.ThreadPoolTaskExecutor - Shutting down ExecutorService 'clientInboundChannelExecutor'
2019-11-01 11:35:33.941 [restartedMain] INFO  c.e.WebsocketExampleApplication - Starting WebsocketExampleApplication on DESKTOP-PFK81CQ with PID 76016 (D:\git_repository\toyproject\websocket_example\bin\main started by carrey in D:\git_repository\toyproject\websocket_example)
2019-11-01 11:35:33.941 [restartedMain] INFO  c.e.WebsocketExampleApplication - No active profile set, falling back to default profiles: default
2019-11-01 11:35:34.131 [restartedMain] WARN  o.a.tomcat.util.modeler.Registry - The MBean registry cannot be disabled because it has already been initialised
2019-11-01 11:35:34.182 [restartedMain] INFO  o.s.b.w.e.tomcat.TomcatWebServer - Tomcat initialized with port(s): 443 (https)
2019-11-01 11:35:34.184 [restartedMain] INFO  o.a.coyote.http11.Http11NioProtocol - Initializing ProtocolHandler ["https-jsse-nio-443"]
2019-11-01 11:35:34.184 [restartedMain] INFO  o.a.catalina.core.StandardService - Starting service [Tomcat]
2019-11-01 11:35:34.185 [restartedMain] INFO  o.a.catalina.core.StandardEngine - Starting Servlet engine: [Apache Tomcat/9.0.27]
2019-11-01 11:35:34.221 [restartedMain] INFO  o.a.c.c.C.[Tomcat].[localhost].[/] - Initializing Spring embedded WebApplicationContext
2019-11-01 11:35:34.221 [restartedMain] INFO  o.s.web.context.ContextLoader - Root WebApplicationContext: initialization completed in 275 ms
2019-11-01 11:35:34.246 [restartedMain] INFO  o.s.s.c.ThreadPoolTaskExecutor - Initializing ExecutorService 'clientInboundChannelExecutor'
2019-11-01 11:35:34.247 [restartedMain] INFO  o.s.s.c.ThreadPoolTaskExecutor - Initializing ExecutorService 'clientOutboundChannelExecutor'
2019-11-01 11:35:34.249 [restartedMain] INFO  o.s.s.c.ThreadPoolTaskScheduler - Initializing ExecutorService 'messageBrokerTaskScheduler'
2019-11-01 11:35:34.253 [restartedMain] INFO  o.s.s.c.ThreadPoolTaskExecutor - Initializing ExecutorService 'brokerChannelExecutor'
2019-11-01 11:35:34.293 [restartedMain] INFO  o.s.b.a.w.s.WelcomePageHandlerMapping - Adding welcome page: class path resource [static/index.html]
2019-11-01 11:35:34.540 [restartedMain] INFO  o.s.b.d.a.OptionalLiveReloadServer - LiveReload server is running on port 35729
2019-11-01 11:35:34.549 [restartedMain] INFO  o.s.m.s.b.SimpleBrokerMessageHandler - Starting...
2019-11-01 11:35:34.550 [restartedMain] INFO  o.s.m.s.b.SimpleBrokerMessageHandler - BrokerAvailabilityEvent[available=true, SimpleBrokerMessageHandler [DefaultSubscriptionRegistry[cache[0 destination(s)], registry[0 sessions]]]]
2019-11-01 11:35:34.550 [restartedMain] INFO  o.s.m.s.b.SimpleBrokerMessageHandler - Started.
2019-11-01 11:35:34.552 [restartedMain] INFO  o.a.coyote.http11.Http11NioProtocol - Starting ProtocolHandler ["https-jsse-nio-443"]
2019-11-01 11:35:34.943 [restartedMain] INFO  o.s.b.w.e.tomcat.TomcatWebServer - Tomcat started on port(s): 443 (https) with context path ''
2019-11-01 11:35:34.943 [restartedMain] INFO  c.e.WebsocketExampleApplication - Started WebsocketExampleApplication in 1.036 seconds (JVM running for 1847.318)
2019-11-01 11:35:34.945 [restartedMain] INFO  o.s.b.d.a.ConditionEvaluationDeltaLoggingListener - Condition evaluation unchanged
2019-11-01 11:35:37.959 [Thread-21] INFO  o.s.m.s.b.SimpleBrokerMessageHandler - Stopping...
2019-11-01 11:35:37.960 [Thread-21] INFO  o.s.m.s.b.SimpleBrokerMessageHandler - BrokerAvailabilityEvent[available=false, SimpleBrokerMessageHandler [DefaultSubscriptionRegistry[cache[0 destination(s)], registry[0 sessions]]]]
2019-11-01 11:35:37.961 [Thread-21] INFO  o.s.m.s.b.SimpleBrokerMessageHandler - Stopped.
2019-11-01 11:35:37.962 [Thread-21] INFO  o.s.s.c.ThreadPoolTaskExecutor - Shutting down ExecutorService 'brokerChannelExecutor'
2019-11-01 11:35:37.962 [Thread-21] INFO  o.s.s.c.ThreadPoolTaskScheduler - Shutting down ExecutorService 'messageBrokerTaskScheduler'
2019-11-01 11:35:37.962 [Thread-21] INFO  o.s.s.c.ThreadPoolTaskExecutor - Shutting down ExecutorService 'clientOutboundChannelExecutor'
2019-11-01 11:35:37.962 [Thread-21] INFO  o.s.s.c.ThreadPoolTaskExecutor - Shutting down ExecutorService 'clientInboundChannelExecutor'
2019-11-01 11:35:38.800 [restartedMain] INFO  c.e.WebsocketExampleApplication - Starting WebsocketExampleApplication on DESKTOP-PFK81CQ with PID 76016 (D:\git_repository\toyproject\websocket_example\bin\main started by carrey in D:\git_repository\toyproject\websocket_example)
2019-11-01 11:35:38.801 [restartedMain] INFO  c.e.WebsocketExampleApplication - No active profile set, falling back to default profiles: default
2019-11-01 11:35:38.983 [restartedMain] WARN  o.a.tomcat.util.modeler.Registry - The MBean registry cannot be disabled because it has already been initialised
2019-11-01 11:35:39.035 [restartedMain] INFO  o.s.b.w.e.tomcat.TomcatWebServer - Tomcat initialized with port(s): 443 (https)
2019-11-01 11:35:39.036 [restartedMain] INFO  o.a.coyote.http11.Http11NioProtocol - Initializing ProtocolHandler ["https-jsse-nio-443"]
2019-11-01 11:35:39.036 [restartedMain] INFO  o.a.catalina.core.StandardService - Starting service [Tomcat]
2019-11-01 11:35:39.037 [restartedMain] INFO  o.a.catalina.core.StandardEngine - Starting Servlet engine: [Apache Tomcat/9.0.27]
2019-11-01 11:35:39.056 [restartedMain] INFO  o.a.c.c.C.[Tomcat].[localhost].[/] - Initializing Spring embedded WebApplicationContext
2019-11-01 11:35:39.056 [restartedMain] INFO  o.s.web.context.ContextLoader - Root WebApplicationContext: initialization completed in 252 ms
2019-11-01 11:35:39.076 [restartedMain] INFO  o.s.s.c.ThreadPoolTaskExecutor - Initializing ExecutorService 'clientInboundChannelExecutor'
2019-11-01 11:35:39.077 [restartedMain] INFO  o.s.s.c.ThreadPoolTaskExecutor - Initializing ExecutorService 'clientOutboundChannelExecutor'
2019-11-01 11:35:39.078 [restartedMain] INFO  o.s.s.c.ThreadPoolTaskScheduler - Initializing ExecutorService 'messageBrokerTaskScheduler'
2019-11-01 11:35:39.081 [restartedMain] INFO  o.s.s.c.ThreadPoolTaskExecutor - Initializing ExecutorService 'brokerChannelExecutor'
2019-11-01 11:35:39.113 [restartedMain] INFO  o.s.b.a.w.s.WelcomePageHandlerMapping - Adding welcome page: class path resource [static/index.html]
2019-11-01 11:35:39.357 [restartedMain] INFO  o.s.b.d.a.OptionalLiveReloadServer - LiveReload server is running on port 35729
2019-11-01 11:35:39.363 [restartedMain] INFO  o.s.m.s.b.SimpleBrokerMessageHandler - Starting...
2019-11-01 11:35:39.363 [restartedMain] INFO  o.s.m.s.b.SimpleBrokerMessageHandler - BrokerAvailabilityEvent[available=true, SimpleBrokerMessageHandler [DefaultSubscriptionRegistry[cache[0 destination(s)], registry[0 sessions]]]]
2019-11-01 11:35:39.363 [restartedMain] INFO  o.s.m.s.b.SimpleBrokerMessageHandler - Started.
2019-11-01 11:35:39.366 [restartedMain] INFO  o.a.coyote.http11.Http11NioProtocol - Starting ProtocolHandler ["https-jsse-nio-443"]
2019-11-01 11:35:39.743 [restartedMain] INFO  o.s.b.w.e.tomcat.TomcatWebServer - Tomcat started on port(s): 443 (https) with context path ''
2019-11-01 11:35:39.744 [restartedMain] INFO  c.e.WebsocketExampleApplication - Started WebsocketExampleApplication in 0.978 seconds (JVM running for 1852.119)
2019-11-01 11:35:39.746 [restartedMain] INFO  o.s.b.d.a.ConditionEvaluationDeltaLoggingListener - Condition evaluation unchanged
2019-11-01 11:36:01.491 [https-jsse-nio-443-exec-5] INFO  o.a.c.c.C.[Tomcat].[localhost].[/] - Initializing Spring DispatcherServlet 'dispatcherServlet'
2019-11-01 11:36:01.493 [https-jsse-nio-443-exec-5] INFO  o.s.web.servlet.DispatcherServlet - Initializing Servlet 'dispatcherServlet'
2019-11-01 11:36:01.499 [https-jsse-nio-443-exec-5] INFO  o.s.web.servlet.DispatcherServlet - Completed initialization in 6 ms
2019-11-01 11:36:39.081 [MessageBroker-1] INFO  o.s.w.s.c.WebSocketMessageBrokerStats - WebSocketSession[0 current WS(0)-HttpStream(0)-HttpPoll(0), 0 total, 0 closed abnormally (0 connect failure, 0 send limit, 0 transport error)], stompSubProtocol[processed CONNECT(0)-CONNECTED(0)-DISCONNECT(0)], stompBrokerRelay[null], inboundChannel[pool size = 0, active threads = 0, queued tasks = 0, completed tasks = 0], outboundChannel[pool size = 0, active threads = 0, queued tasks = 0, completed tasks = 0], sockJsScheduler[pool size = 1, active threads = 1, queued tasks = 0, completed tasks = 0]
2019-11-01 11:37:23.165 [Thread-26] INFO  o.s.m.s.b.SimpleBrokerMessageHandler - Stopping...
2019-11-01 11:37:23.166 [Thread-26] INFO  o.s.m.s.b.SimpleBrokerMessageHandler - BrokerAvailabilityEvent[available=false, SimpleBrokerMessageHandler [DefaultSubscriptionRegistry[cache[0 destination(s)], registry[0 sessions]]]]
2019-11-01 11:37:23.166 [Thread-26] INFO  o.s.m.s.b.SimpleBrokerMessageHandler - Stopped.
2019-11-01 11:37:23.169 [Thread-26] INFO  o.s.s.c.ThreadPoolTaskExecutor - Shutting down ExecutorService 'brokerChannelExecutor'
2019-11-01 11:37:23.170 [Thread-26] INFO  o.s.s.c.ThreadPoolTaskScheduler - Shutting down ExecutorService 'messageBrokerTaskScheduler'
2019-11-01 11:37:23.171 [Thread-26] INFO  o.s.s.c.ThreadPoolTaskExecutor - Shutting down ExecutorService 'clientOutboundChannelExecutor'
2019-11-01 11:37:23.171 [Thread-26] INFO  o.s.s.c.ThreadPoolTaskExecutor - Shutting down ExecutorService 'clientInboundChannelExecutor'
2019-11-01 11:37:24.274 [restartedMain] INFO  c.e.WebsocketExampleApplication - Starting WebsocketExampleApplication on DESKTOP-PFK81CQ with PID 76016 (D:\git_repository\toyproject\websocket_example\bin\main started by carrey in D:\git_repository\toyproject\websocket_example)
2019-11-01 11:37:24.277 [restartedMain] INFO  c.e.WebsocketExampleApplication - No active profile set, falling back to default profiles: default
2019-11-01 11:37:24.580 [restartedMain] WARN  o.a.tomcat.util.modeler.Registry - The MBean registry cannot be disabled because it has already been initialised
2019-11-01 11:37:24.648 [restartedMain] INFO  o.s.b.w.e.tomcat.TomcatWebServer - Tomcat initialized with port(s): 443 (https)
2019-11-01 11:37:24.649 [restartedMain] ERROR o.a.coyote.http11.Http11NioProtocol - The upgrade handler [org.apache.coyote.http2.Http2Protocol] for [h2] only supports upgrade via ALPN but has been configured for the ["https-jsse-nio-443"] connector that does not support ALPN.
2019-11-01 11:37:24.649 [restartedMain] INFO  o.a.coyote.http11.Http11NioProtocol - Initializing ProtocolHandler ["https-jsse-nio-443"]
2019-11-01 11:37:24.649 [restartedMain] INFO  o.a.catalina.core.StandardService - Starting service [Tomcat]
2019-11-01 11:37:24.649 [restartedMain] INFO  o.a.catalina.core.StandardEngine - Starting Servlet engine: [Apache Tomcat/9.0.27]
2019-11-01 11:37:24.672 [restartedMain] INFO  o.a.c.c.C.[Tomcat].[localhost].[/] - Initializing Spring embedded WebApplicationContext
2019-11-01 11:37:24.673 [restartedMain] INFO  o.s.web.context.ContextLoader - Root WebApplicationContext: initialization completed in 386 ms
2019-11-01 11:37:24.703 [restartedMain] INFO  o.s.s.c.ThreadPoolTaskExecutor - Initializing ExecutorService 'clientInboundChannelExecutor'
2019-11-01 11:37:24.704 [restartedMain] INFO  o.s.s.c.ThreadPoolTaskExecutor - Initializing ExecutorService 'clientOutboundChannelExecutor'
2019-11-01 11:37:24.708 [restartedMain] INFO  o.s.s.c.ThreadPoolTaskScheduler - Initializing ExecutorService 'messageBrokerTaskScheduler'
2019-11-01 11:37:24.715 [restartedMain] INFO  o.s.s.c.ThreadPoolTaskExecutor - Initializing ExecutorService 'brokerChannelExecutor'
2019-11-01 11:37:24.768 [restartedMain] INFO  o.s.b.a.w.s.WelcomePageHandlerMapping - Adding welcome page: class path resource [static/index.html]
2019-11-01 11:37:25.032 [restartedMain] INFO  o.s.b.d.a.OptionalLiveReloadServer - LiveReload server is running on port 35729
2019-11-01 11:37:25.038 [restartedMain] INFO  o.s.m.s.b.SimpleBrokerMessageHandler - Starting...
2019-11-01 11:37:25.039 [restartedMain] INFO  o.s.m.s.b.SimpleBrokerMessageHandler - BrokerAvailabilityEvent[available=true, SimpleBrokerMessageHandler [DefaultSubscriptionRegistry[cache[0 destination(s)], registry[0 sessions]]]]
2019-11-01 11:37:25.039 [restartedMain] INFO  o.s.m.s.b.SimpleBrokerMessageHandler - Started.
2019-11-01 11:37:25.043 [restartedMain] INFO  o.a.coyote.http11.Http11NioProtocol - Starting ProtocolHandler ["https-jsse-nio-443"]
2019-11-01 11:37:25.446 [restartedMain] INFO  o.s.b.w.e.tomcat.TomcatWebServer - Tomcat started on port(s): 443 (https) with context path ''
2019-11-01 11:37:25.447 [restartedMain] INFO  c.e.WebsocketExampleApplication - Started WebsocketExampleApplication in 1.272 seconds (JVM running for 1957.822)
2019-11-01 11:37:25.448 [restartedMain] INFO  o.s.b.d.a.ConditionEvaluationDeltaLoggingListener - Condition evaluation unchanged
2019-11-01 11:37:32.019 [https-jsse-nio-443-exec-8] INFO  o.a.c.c.C.[Tomcat].[localhost].[/] - Initializing Spring DispatcherServlet 'dispatcherServlet'
2019-11-01 11:37:32.020 [https-jsse-nio-443-exec-8] INFO  o.s.web.servlet.DispatcherServlet - Initializing Servlet 'dispatcherServlet'
2019-11-01 11:37:32.026 [https-jsse-nio-443-exec-8] INFO  o.s.web.servlet.DispatcherServlet - Completed initialization in 6 ms
2019-11-01 11:38:24.712 [MessageBroker-1] INFO  o.s.w.s.c.WebSocketMessageBrokerStats - WebSocketSession[0 current WS(0)-HttpStream(0)-HttpPoll(0), 0 total, 0 closed abnormally (0 connect failure, 0 send limit, 0 transport error)], stompSubProtocol[processed CONNECT(0)-CONNECTED(0)-DISCONNECT(0)], stompBrokerRelay[null], inboundChannel[pool size = 0, active threads = 0, queued tasks = 0, completed tasks = 0], outboundChannel[pool size = 0, active threads = 0, queued tasks = 0, completed tasks = 0], sockJsScheduler[pool size = 1, active threads = 1, queued tasks = 0, completed tasks = 0]
2019-11-01 11:40:09.779 [RMI TCP Connection(38)-127.0.0.1] INFO  o.s.b.a.SpringApplicationAdminMXBeanRegistrar$SpringApplicationAdmin - Application shutdown requested.
2019-11-01 11:40:09.781 [RMI TCP Connection(38)-127.0.0.1] INFO  o.s.m.s.b.SimpleBrokerMessageHandler - Stopping...
2019-11-01 11:40:09.782 [RMI TCP Connection(38)-127.0.0.1] INFO  o.s.m.s.b.SimpleBrokerMessageHandler - BrokerAvailabilityEvent[available=false, SimpleBrokerMessageHandler [DefaultSubscriptionRegistry[cache[0 destination(s)], registry[0 sessions]]]]
2019-11-01 11:40:09.782 [RMI TCP Connection(38)-127.0.0.1] INFO  o.s.m.s.b.SimpleBrokerMessageHandler - Stopped.
2019-11-01 11:40:09.784 [RMI TCP Connection(38)-127.0.0.1] INFO  o.s.s.c.ThreadPoolTaskExecutor - Shutting down ExecutorService 'brokerChannelExecutor'
2019-11-01 11:40:09.784 [RMI TCP Connection(38)-127.0.0.1] INFO  o.s.s.c.ThreadPoolTaskScheduler - Shutting down ExecutorService 'messageBrokerTaskScheduler'
2019-11-01 11:40:09.784 [RMI TCP Connection(38)-127.0.0.1] INFO  o.s.s.c.ThreadPoolTaskExecutor - Shutting down ExecutorService 'clientOutboundChannelExecutor'
2019-11-01 11:40:09.784 [RMI TCP Connection(38)-127.0.0.1] INFO  o.s.s.c.ThreadPoolTaskExecutor - Shutting down ExecutorService 'clientInboundChannelExecutor'
2019-11-01 11:40:15.230 [restartedMain] INFO  c.e.WebsocketExampleApplication - Starting WebsocketExampleApplication on DESKTOP-PFK81CQ with PID 14836 (D:\git_repository\toyproject\websocket_example\bin\main started by carrey in D:\git_repository\toyproject\websocket_example)
2019-11-01 11:40:15.235 [restartedMain] INFO  c.e.WebsocketExampleApplication - No active profile set, falling back to default profiles: default
2019-11-01 11:40:15.325 [restartedMain] INFO  o.s.b.d.e.DevToolsPropertyDefaultsPostProcessor - Devtools property defaults active! Set 'spring.devtools.add-properties' to 'false' to disable
2019-11-01 11:40:15.326 [restartedMain] INFO  o.s.b.d.e.DevToolsPropertyDefaultsPostProcessor - For additional web related logging consider setting the 'logging.level.web' property to 'DEBUG'
2019-11-01 11:40:16.620 [restartedMain] INFO  o.s.b.w.e.tomcat.TomcatWebServer - Tomcat initialized with port(s): 443 (https)
2019-11-01 11:40:16.642 [restartedMain] ERROR o.a.coyote.http11.Http11NioProtocol - The upgrade handler [org.apache.coyote.http2.Http2Protocol] for [h2] only supports upgrade via ALPN but has been configured for the ["https-jsse-nio-443"] connector that does not support ALPN.
2019-11-01 11:40:16.643 [restartedMain] INFO  o.a.coyote.http11.Http11NioProtocol - Initializing ProtocolHandler ["https-jsse-nio-443"]
2019-11-01 11:40:16.644 [restartedMain] INFO  o.a.catalina.core.StandardService - Starting service [Tomcat]
2019-11-01 11:40:16.644 [restartedMain] INFO  o.a.catalina.core.StandardEngine - Starting Servlet engine: [Apache Tomcat/9.0.27]
2019-11-01 11:40:16.765 [restartedMain] INFO  o.a.c.c.C.[Tomcat].[localhost].[/] - Initializing Spring embedded WebApplicationContext
2019-11-01 11:40:16.766 [restartedMain] INFO  o.s.web.context.ContextLoader - Root WebApplicationContext: initialization completed in 1440 ms
2019-11-01 11:40:16.912 [restartedMain] INFO  o.s.s.c.ThreadPoolTaskExecutor - Initializing ExecutorService 'clientInboundChannelExecutor'
2019-11-01 11:40:16.915 [restartedMain] INFO  o.s.s.c.ThreadPoolTaskExecutor - Initializing ExecutorService 'clientOutboundChannelExecutor'
2019-11-01 11:40:16.944 [restartedMain] INFO  o.s.s.c.ThreadPoolTaskScheduler - Initializing ExecutorService 'messageBrokerTaskScheduler'
2019-11-01 11:40:16.983 [restartedMain] INFO  o.s.s.c.ThreadPoolTaskExecutor - Initializing ExecutorService 'brokerChannelExecutor'
2019-11-01 11:40:17.213 [restartedMain] INFO  o.s.b.a.w.s.WelcomePageHandlerMapping - Adding welcome page: class path resource [static/index.html]
2019-11-01 11:40:17.778 [restartedMain] INFO  o.s.b.d.a.OptionalLiveReloadServer - LiveReload server is running on port 35729
2019-11-01 11:40:17.796 [restartedMain] INFO  o.s.m.s.b.SimpleBrokerMessageHandler - Starting...
2019-11-01 11:40:17.797 [restartedMain] INFO  o.s.m.s.b.SimpleBrokerMessageHandler - BrokerAvailabilityEvent[available=true, SimpleBrokerMessageHandler [DefaultSubscriptionRegistry[cache[0 destination(s)], registry[0 sessions]]]]
2019-11-01 11:40:17.798 [restartedMain] INFO  o.s.m.s.b.SimpleBrokerMessageHandler - Started.
2019-11-01 11:40:17.807 [restartedMain] INFO  o.a.coyote.http11.Http11NioProtocol - Starting ProtocolHandler ["https-jsse-nio-443"]
2019-11-01 11:40:18.623 [restartedMain] INFO  o.s.b.w.e.tomcat.TomcatWebServer - Tomcat started on port(s): 443 (https) with context path ''
2019-11-01 11:40:18.627 [restartedMain] INFO  c.e.WebsocketExampleApplication - Started WebsocketExampleApplication in 4.097 seconds (JVM running for 5.999)
2019-11-01 11:40:39.180 [https-jsse-nio-443-exec-8] INFO  o.a.c.c.C.[Tomcat].[localhost].[/] - Initializing Spring DispatcherServlet 'dispatcherServlet'
2019-11-01 11:40:39.181 [https-jsse-nio-443-exec-8] INFO  o.s.web.servlet.DispatcherServlet - Initializing Servlet 'dispatcherServlet'
2019-11-01 11:40:39.191 [https-jsse-nio-443-exec-8] INFO  o.s.web.servlet.DispatcherServlet - Completed initialization in 10 ms
2019-11-01 11:41:16.981 [MessageBroker-1] INFO  o.s.w.s.c.WebSocketMessageBrokerStats - WebSocketSession[0 current WS(0)-HttpStream(0)-HttpPoll(0), 0 total, 0 closed abnormally (0 connect failure, 0 send limit, 0 transport error)], stompSubProtocol[processed CONNECT(0)-CONNECTED(0)-DISCONNECT(0)], stompBrokerRelay[null], inboundChannel[pool size = 0, active threads = 0, queued tasks = 0, completed tasks = 0], outboundChannel[pool size = 0, active threads = 0, queued tasks = 0, completed tasks = 0], sockJsScheduler[pool size = 1, active threads = 1, queued tasks = 0, completed tasks = 0]
2019-11-01 11:41:23.188 [RMI TCP Connection(4)-127.0.0.1] INFO  o.s.b.a.SpringApplicationAdminMXBeanRegistrar$SpringApplicationAdmin - Application shutdown requested.
2019-11-01 11:41:23.195 [RMI TCP Connection(4)-127.0.0.1] INFO  o.s.m.s.b.SimpleBrokerMessageHandler - Stopping...
2019-11-01 11:41:23.196 [RMI TCP Connection(4)-127.0.0.1] INFO  o.s.m.s.b.SimpleBrokerMessageHandler - BrokerAvailabilityEvent[available=false, SimpleBrokerMessageHandler [DefaultSubscriptionRegistry[cache[0 destination(s)], registry[0 sessions]]]]
2019-11-01 11:41:23.196 [RMI TCP Connection(4)-127.0.0.1] INFO  o.s.m.s.b.SimpleBrokerMessageHandler - Stopped.
2019-11-01 11:41:23.199 [RMI TCP Connection(4)-127.0.0.1] INFO  o.s.s.c.ThreadPoolTaskExecutor - Shutting down ExecutorService 'brokerChannelExecutor'
2019-11-01 11:41:23.200 [RMI TCP Connection(4)-127.0.0.1] INFO  o.s.s.c.ThreadPoolTaskScheduler - Shutting down ExecutorService 'messageBrokerTaskScheduler'
2019-11-01 11:41:23.201 [RMI TCP Connection(4)-127.0.0.1] INFO  o.s.s.c.ThreadPoolTaskExecutor - Shutting down ExecutorService 'clientOutboundChannelExecutor'
2019-11-01 11:41:23.202 [RMI TCP Connection(4)-127.0.0.1] INFO  o.s.s.c.ThreadPoolTaskExecutor - Shutting down ExecutorService 'clientInboundChannelExecutor'
2019-11-01 11:42:51.763 [restartedMain] INFO  c.e.WebsocketExampleApplication - Starting WebsocketExampleApplication on DESKTOP-PFK81CQ with PID 77252 (D:\git_repository\toyproject\websocket_example\bin\main started by carrey in D:\git_repository\toyproject\websocket_example)
2019-11-01 11:42:51.770 [restartedMain] INFO  c.e.WebsocketExampleApplication - No active profile set, falling back to default profiles: default
2019-11-01 11:42:51.833 [restartedMain] INFO  o.s.b.d.e.DevToolsPropertyDefaultsPostProcessor - Devtools property defaults active! Set 'spring.devtools.add-properties' to 'false' to disable
2019-11-01 11:42:51.833 [restartedMain] INFO  o.s.b.d.e.DevToolsPropertyDefaultsPostProcessor - For additional web related logging consider setting the 'logging.level.web' property to 'DEBUG'
2019-11-01 11:42:53.088 [restartedMain] INFO  o.s.b.w.e.tomcat.TomcatWebServer - Tomcat initialized with port(s): 443 (https)
2019-11-01 11:42:53.116 [restartedMain] INFO  o.a.coyote.http11.Http11NioProtocol - The ["https-jsse-nio-443"] connector has been configured to support negotiation to [h2] via ALPN
2019-11-01 11:42:53.117 [restartedMain] INFO  o.a.coyote.http11.Http11NioProtocol - Initializing ProtocolHandler ["https-jsse-nio-443"]
2019-11-01 11:42:53.118 [restartedMain] INFO  o.a.catalina.core.StandardService - Starting service [Tomcat]
2019-11-01 11:42:53.118 [restartedMain] INFO  o.a.catalina.core.StandardEngine - Starting Servlet engine: [Apache Tomcat/9.0.27]
2019-11-01 11:42:53.343 [restartedMain] INFO  o.a.c.c.C.[Tomcat].[localhost].[/] - Initializing Spring embedded WebApplicationContext
2019-11-01 11:42:53.344 [restartedMain] INFO  o.s.web.context.ContextLoader - Root WebApplicationContext: initialization completed in 1511 ms
2019-11-01 11:42:53.609 [restartedMain] INFO  o.s.s.c.ThreadPoolTaskExecutor - Initializing ExecutorService 'clientInboundChannelExecutor'
2019-11-01 11:42:53.614 [restartedMain] INFO  o.s.s.c.ThreadPoolTaskExecutor - Initializing ExecutorService 'clientOutboundChannelExecutor'
2019-11-01 11:42:53.654 [restartedMain] INFO  o.s.s.c.ThreadPoolTaskScheduler - Initializing ExecutorService 'messageBrokerTaskScheduler'
2019-11-01 11:42:53.723 [restartedMain] INFO  o.s.s.c.ThreadPoolTaskExecutor - Initializing ExecutorService 'brokerChannelExecutor'
2019-11-01 11:42:54.100 [restartedMain] INFO  o.s.b.a.w.s.WelcomePageHandlerMapping - Adding welcome page: class path resource [static/index.html]
2019-11-01 11:42:54.715 [restartedMain] INFO  o.s.b.d.a.OptionalLiveReloadServer - LiveReload server is running on port 35729
2019-11-01 11:42:54.750 [restartedMain] INFO  o.s.m.s.b.SimpleBrokerMessageHandler - Starting...
2019-11-01 11:42:54.751 [restartedMain] INFO  o.s.m.s.b.SimpleBrokerMessageHandler - BrokerAvailabilityEvent[available=true, SimpleBrokerMessageHandler [DefaultSubscriptionRegistry[cache[0 destination(s)], registry[0 sessions]]]]
2019-11-01 11:42:54.754 [restartedMain] INFO  o.s.m.s.b.SimpleBrokerMessageHandler - Started.
2019-11-01 11:42:54.767 [restartedMain] INFO  o.a.coyote.http11.Http11NioProtocol - Starting ProtocolHandler ["https-jsse-nio-443"]
2019-11-01 11:42:55.476 [restartedMain] INFO  o.s.b.w.e.tomcat.TomcatWebServer - Tomcat started on port(s): 443 (https) with context path ''
2019-11-01 11:42:55.481 [restartedMain] INFO  c.e.WebsocketExampleApplication - Started WebsocketExampleApplication in 4.235 seconds (JVM running for 6.729)
2019-11-01 11:43:53.720 [MessageBroker-1] INFO  o.s.w.s.c.WebSocketMessageBrokerStats - WebSocketSession[0 current WS(0)-HttpStream(0)-HttpPoll(0), 0 total, 0 closed abnormally (0 connect failure, 0 send limit, 0 transport error)], stompSubProtocol[processed CONNECT(0)-CONNECTED(0)-DISCONNECT(0)], stompBrokerRelay[null], inboundChannel[pool size = 0, active threads = 0, queued tasks = 0, completed tasks = 0], outboundChannel[pool size = 0, active threads = 0, queued tasks = 0, completed tasks = 0], sockJsScheduler[pool size = 1, active threads = 1, queued tasks = 0, completed tasks = 0]
2019-11-01 11:43:53.781 [https-jsse-nio-443-exec-9] INFO  o.a.c.c.C.[Tomcat].[localhost].[/] - Initializing Spring DispatcherServlet 'dispatcherServlet'
2019-11-01 11:43:53.782 [https-jsse-nio-443-exec-9] INFO  o.s.web.servlet.DispatcherServlet - Initializing Servlet 'dispatcherServlet'
2019-11-01 11:43:53.788 [https-jsse-nio-443-exec-9] INFO  o.s.web.servlet.DispatcherServlet - Completed initialization in 6 ms
2019-11-01 12:13:53.721 [MessageBroker-4] INFO  o.s.w.s.c.WebSocketMessageBrokerStats - WebSocketSession[1 current WS(1)-HttpStream(0)-HttpPoll(0), 1 total, 0 closed abnormally (0 connect failure, 0 send limit, 0 transport error)], stompSubProtocol[processed CONNECT(1)-CONNECTED(1)-DISCONNECT(0)], stompBrokerRelay[null], inboundChannel[pool size = 0, active threads = 0, queued tasks = 0, completed tasks = 6], outboundChannel[pool size = 0, active threads = 0, queued tasks = 0, completed tasks = 1], sockJsScheduler[pool size = 8, active threads = 1, queued tasks = 2, completed tasks = 430]
2019-11-01 12:43:53.722 [MessageBroker-7] INFO  o.s.w.s.c.WebSocketMessageBrokerStats - WebSocketSession[1 current WS(1)-HttpStream(0)-HttpPoll(0), 1 total, 0 closed abnormally (0 connect failure, 0 send limit, 0 transport error)], stompSubProtocol[processed CONNECT(1)-CONNECTED(1)-DISCONNECT(0)], stompBrokerRelay[null], inboundChannel[pool size = 0, active threads = 0, queued tasks = 0, completed tasks = 6], outboundChannel[pool size = 0, active threads = 0, queued tasks = 0, completed tasks = 1], sockJsScheduler[pool size = 8, active threads = 1, queued tasks = 2, completed tasks = 863]
2019-11-01 13:13:53.723 [MessageBroker-1] INFO  o.s.w.s.c.WebSocketMessageBrokerStats - WebSocketSession[0 current WS(0)-HttpStream(0)-HttpPoll(0), 1 total, 0 closed abnormally (0 connect failure, 0 send limit, 0 transport error)], stompSubProtocol[processed CONNECT(1)-CONNECTED(1)-DISCONNECT(0)], stompBrokerRelay[null], inboundChannel[pool size = 0, active threads = 0, queued tasks = 0, completed tasks = 9], outboundChannel[pool size = 0, active threads = 0, queued tasks = 0, completed tasks = 2], sockJsScheduler[pool size = 8, active threads = 1, queued tasks = 1, completed tasks = 1225]
2019-11-01 13:43:53.737 [MessageBroker-7] INFO  o.s.w.s.c.WebSocketMessageBrokerStats - WebSocketSession[0 current WS(0)-HttpStream(0)-HttpPoll(0), 1 total, 0 closed abnormally (0 connect failure, 0 send limit, 0 transport error)], stompSubProtocol[processed CONNECT(1)-CONNECTED(1)-DISCONNECT(0)], stompBrokerRelay[null], inboundChannel[pool size = 0, active threads = 0, queued tasks = 0, completed tasks = 9], outboundChannel[pool size = 0, active threads = 0, queued tasks = 0, completed tasks = 2], sockJsScheduler[pool size = 8, active threads = 1, queued tasks = 1, completed tasks = 1586]
2019-11-01 14:13:53.766 [MessageBroker-4] INFO  o.s.w.s.c.WebSocketMessageBrokerStats - WebSocketSession[0 current WS(0)-HttpStream(0)-HttpPoll(0), 1 total, 0 closed abnormally (0 connect failure, 0 send limit, 0 transport error)], stompSubProtocol[processed CONNECT(1)-CONNECTED(1)-DISCONNECT(0)], stompBrokerRelay[null], inboundChannel[pool size = 0, active threads = 0, queued tasks = 0, completed tasks = 9], outboundChannel[pool size = 0, active threads = 0, queued tasks = 0, completed tasks = 2], sockJsScheduler[pool size = 8, active threads = 1, queued tasks = 1, completed tasks = 1947]
2019-11-01 14:30:34.983 [RMI TCP Connection(171)-127.0.0.1] INFO  o.s.b.a.SpringApplicationAdminMXBeanRegistrar$SpringApplicationAdmin - Application shutdown requested.
2019-11-01 14:30:34.983 [RMI TCP Connection(170)-127.0.0.1] INFO  o.s.b.a.SpringApplicationAdminMXBeanRegistrar$SpringApplicationAdmin - Application shutdown requested.
2019-11-01 14:30:35.117 [RMI TCP Connection(172)-127.0.0.1] INFO  o.s.b.a.SpringApplicationAdminMXBeanRegistrar$SpringApplicationAdmin - Application shutdown requested.
2019-11-01 14:30:35.135 [RMI TCP Connection(171)-127.0.0.1] INFO  o.s.m.s.b.SimpleBrokerMessageHandler - Stopping...
2019-11-01 14:30:35.139 [RMI TCP Connection(171)-127.0.0.1] INFO  o.s.m.s.b.SimpleBrokerMessageHandler - BrokerAvailabilityEvent[available=false, SimpleBrokerMessageHandler [DefaultSubscriptionRegistry[cache[0 destination(s)], registry[0 sessions]]]]
2019-11-01 14:30:35.140 [RMI TCP Connection(171)-127.0.0.1] INFO  o.s.m.s.b.SimpleBrokerMessageHandler - Stopped.
2019-11-01 14:30:35.181 [RMI TCP Connection(171)-127.0.0.1] INFO  o.s.s.c.ThreadPoolTaskExecutor - Shutting down ExecutorService 'brokerChannelExecutor'
2019-11-01 14:30:35.185 [RMI TCP Connection(171)-127.0.0.1] INFO  o.s.s.c.ThreadPoolTaskScheduler - Shutting down ExecutorService 'messageBrokerTaskScheduler'
2019-11-01 14:30:35.203 [RMI TCP Connection(171)-127.0.0.1] INFO  o.s.s.c.ThreadPoolTaskExecutor - Shutting down ExecutorService 'clientOutboundChannelExecutor'
2019-11-01 14:30:35.204 [RMI TCP Connection(171)-127.0.0.1] INFO  o.s.s.c.ThreadPoolTaskExecutor - Shutting down ExecutorService 'clientInboundChannelExecutor'
